[DEBUG] [2020-07-1223:48:50][org.mybatis.generator.internal.db.DatabaseIntrospector]Retrieving column information for table "student"
[DEBUG] [2020-07-1223:48:50][org.mybatis.generator.internal.db.DatabaseIntrospector]Found column "sid", data type 4, in table "ssm..student"
[DEBUG] [2020-07-1223:48:50][org.mybatis.generator.internal.db.DatabaseIntrospector]Found column "sname", data type 12, in table "ssm..student"
[DEBUG] [2020-07-1309:12:08][org.mybatis.generator.internal.db.DatabaseIntrospector]Retrieving column information for table "clazz"
[DEBUG] [2020-07-1309:38:09][org.mybatis.generator.internal.db.DatabaseIntrospector]Retrieving column information for table "student"
[DEBUG] [2020-07-1309:38:09][org.mybatis.generator.internal.db.DatabaseIntrospector]Found column "sid", data type 4, in table "ssm..student"
[DEBUG] [2020-07-1309:38:09][org.mybatis.generator.internal.db.DatabaseIntrospector]Found column "sname", data type 12, in table "ssm..student"
[DEBUG] [2020-07-1309:38:09][org.mybatis.generator.internal.db.DatabaseIntrospector]Found column "sex", data type 12, in table "ssm..student"
[DEBUG] [2020-07-1309:38:09][org.mybatis.generator.internal.db.DatabaseIntrospector]Found column "img", data type 12, in table "ssm..student"
[DEBUG] [2020-07-1309:38:09][org.mybatis.generator.internal.db.DatabaseIntrospector]Found column "hobby", data type 12, in table "ssm..student"
[DEBUG] [2020-07-1309:38:09][org.mybatis.generator.internal.db.DatabaseIntrospector]Found column "birthday", data type 91, in table "ssm..student"
[DEBUG] [2020-07-1309:38:09][org.mybatis.generator.internal.db.DatabaseIntrospector]Found column "cid", data type 4, in table "ssm..student"
[DEBUG] [2020-07-1309:38:09][org.mybatis.generator.internal.db.DatabaseIntrospector]Retrieving column information for table "clazz"
[DEBUG] [2020-07-1309:39:52][org.mybatis.generator.internal.db.DatabaseIntrospector]Retrieving column information for table "student"
[DEBUG] [2020-07-1309:39:52][org.mybatis.generator.internal.db.DatabaseIntrospector]Found column "sid", data type 4, in table "ssm..student"
[DEBUG] [2020-07-1309:39:52][org.mybatis.generator.internal.db.DatabaseIntrospector]Found column "sname", data type 12, in table "ssm..student"
[DEBUG] [2020-07-1309:39:52][org.mybatis.generator.internal.db.DatabaseIntrospector]Found column "sex", data type 12, in table "ssm..student"
[DEBUG] [2020-07-1309:39:52][org.mybatis.generator.internal.db.DatabaseIntrospector]Found column "img", data type 12, in table "ssm..student"
[DEBUG] [2020-07-1309:39:52][org.mybatis.generator.internal.db.DatabaseIntrospector]Found column "hobby", data type 12, in table "ssm..student"
[DEBUG] [2020-07-1309:39:52][org.mybatis.generator.internal.db.DatabaseIntrospector]Found column "birthday", data type 91, in table "ssm..student"
[DEBUG] [2020-07-1309:39:52][org.mybatis.generator.internal.db.DatabaseIntrospector]Found column "cid", data type 4, in table "ssm..student"
[DEBUG] [2020-07-1309:39:52][org.mybatis.generator.internal.db.DatabaseIntrospector]Retrieving column information for table "clazz"
[DEBUG] [2020-07-1309:40:43][org.mybatis.generator.internal.db.DatabaseIntrospector]Retrieving column information for table "student"
[DEBUG] [2020-07-1309:40:43][org.mybatis.generator.internal.db.DatabaseIntrospector]Found column "sid", data type 4, in table "ssm..student"
[DEBUG] [2020-07-1309:40:43][org.mybatis.generator.internal.db.DatabaseIntrospector]Found column "sname", data type 12, in table "ssm..student"
[DEBUG] [2020-07-1309:40:43][org.mybatis.generator.internal.db.DatabaseIntrospector]Found column "sex", data type 12, in table "ssm..student"
[DEBUG] [2020-07-1309:40:43][org.mybatis.generator.internal.db.DatabaseIntrospector]Found column "img", data type 12, in table "ssm..student"
[DEBUG] [2020-07-1309:40:43][org.mybatis.generator.internal.db.DatabaseIntrospector]Found column "hobby", data type 12, in table "ssm..student"
[DEBUG] [2020-07-1309:40:43][org.mybatis.generator.internal.db.DatabaseIntrospector]Found column "birthday", data type 91, in table "ssm..student"
[DEBUG] [2020-07-1309:40:43][org.mybatis.generator.internal.db.DatabaseIntrospector]Found column "cid", data type 4, in table "ssm..student"
[DEBUG] [2020-07-1309:40:43][org.mybatis.generator.internal.db.DatabaseIntrospector]Retrieving column information for table "clazz"
[DEBUG] [2020-07-1309:41:36][org.mybatis.generator.internal.db.DatabaseIntrospector]Retrieving column information for table "clazz"
[DEBUG] [2020-07-1309:43:24][org.mybatis.generator.internal.db.DatabaseIntrospector]Retrieving column information for table "clazz"
[DEBUG] [2020-07-1309:43:24][org.mybatis.generator.internal.db.DatabaseIntrospector]Found column "cid", data type 4, in table "ssm..clazz"
[DEBUG] [2020-07-1309:43:24][org.mybatis.generator.internal.db.DatabaseIntrospector]Found column "cname", data type 12, in table "ssm..clazz"
[DEBUG] [2020-07-1620:08:01][org.mybatis.generator.internal.db.DatabaseIntrospector]Retrieving column information for table "user"
[DEBUG] [2020-07-1620:08:01][org.mybatis.generator.internal.db.DatabaseIntrospector]Found column "userId", data type 4, in table "ssm..user"
[DEBUG] [2020-07-1620:08:01][org.mybatis.generator.internal.db.DatabaseIntrospector]Found column "userName", data type 12, in table "ssm..user"
[DEBUG] [2020-07-1620:08:01][org.mybatis.generator.internal.db.DatabaseIntrospector]Found column "password", data type 12, in table "ssm..user"
[DEBUG] [2020-07-1620:08:01][org.mybatis.generator.internal.db.DatabaseIntrospector]Found column "userType", data type -6, in table "ssm..user"
[DEBUG] [2020-07-1620:08:01][org.mybatis.generator.internal.db.DatabaseIntrospector]Found column "roleId", data type 4, in table "ssm..user"
[DEBUG] [2020-07-1620:08:01][org.mybatis.generator.internal.db.DatabaseIntrospector]Found column "userDescription", data type 12, in table "ssm..user"
[DEBUG] [2020-07-1620:08:01][org.mybatis.generator.internal.db.DatabaseIntrospector]Retrieving column information for table "person"
[DEBUG] [2020-07-1620:08:01][org.mybatis.generator.internal.db.DatabaseIntrospector]Retrieving column information for table "dept"
[DEBUG] [2020-07-1620:09:39][org.mybatis.generator.internal.db.DatabaseIntrospector]Retrieving column information for table "person"
[DEBUG] [2020-07-1620:09:39][org.mybatis.generator.internal.db.DatabaseIntrospector]Retrieving column information for table "dept"
[DEBUG] [2020-07-1620:11:12][org.mybatis.generator.internal.db.DatabaseIntrospector]Retrieving column information for table "person"
[DEBUG] [2020-07-1620:11:13][org.mybatis.generator.internal.db.DatabaseIntrospector]Found column "pid", data type 4, in table "ssm2..person"
[DEBUG] [2020-07-1620:11:13][org.mybatis.generator.internal.db.DatabaseIntrospector]Found column "pname", data type 12, in table "ssm2..person"
[DEBUG] [2020-07-1620:11:13][org.mybatis.generator.internal.db.DatabaseIntrospector]Found column "gender", data type 12, in table "ssm2..person"
[DEBUG] [2020-07-1620:11:13][org.mybatis.generator.internal.db.DatabaseIntrospector]Found column "birthday", data type 91, in table "ssm2..person"
[DEBUG] [2020-07-1620:11:13][org.mybatis.generator.internal.db.DatabaseIntrospector]Found column "img", data type 12, in table "ssm2..person"
[DEBUG] [2020-07-1620:11:13][org.mybatis.generator.internal.db.DatabaseIntrospector]Found column "hobby", data type 12, in table "ssm2..person"
[DEBUG] [2020-07-1620:11:13][org.mybatis.generator.internal.db.DatabaseIntrospector]Found column "depid", data type 4, in table "ssm2..person"
[DEBUG] [2020-07-1620:11:13][org.mybatis.generator.internal.db.DatabaseIntrospector]Retrieving column information for table "dept"
[DEBUG] [2020-07-1620:11:13][org.mybatis.generator.internal.db.DatabaseIntrospector]Found column "depid", data type 4, in table "ssm2..dept"
[DEBUG] [2020-07-1620:11:13][org.mybatis.generator.internal.db.DatabaseIntrospector]Found column "dname", data type 12, in table "ssm2..dept"
[DEBUG] [2020-07-1622:41:10][org.mybatis.generator.internal.db.DatabaseIntrospector]Retrieving column information for table "person"
[DEBUG] [2020-07-1622:41:10][org.mybatis.generator.internal.db.DatabaseIntrospector]Found column "pid", data type 4, in table "ssm2..person"
[DEBUG] [2020-07-1622:41:10][org.mybatis.generator.internal.db.DatabaseIntrospector]Found column "pname", data type 12, in table "ssm2..person"
[DEBUG] [2020-07-1622:41:10][org.mybatis.generator.internal.db.DatabaseIntrospector]Found column "gender", data type 12, in table "ssm2..person"
[DEBUG] [2020-07-1622:41:10][org.mybatis.generator.internal.db.DatabaseIntrospector]Found column "birthday", data type 91, in table "ssm2..person"
[DEBUG] [2020-07-1622:41:10][org.mybatis.generator.internal.db.DatabaseIntrospector]Found column "img", data type 12, in table "ssm2..person"
[DEBUG] [2020-07-1622:41:10][org.mybatis.generator.internal.db.DatabaseIntrospector]Found column "hobby", data type 12, in table "ssm2..person"
[DEBUG] [2020-07-1622:41:10][org.mybatis.generator.internal.db.DatabaseIntrospector]Found column "depid", data type 4, in table "ssm2..person"
[DEBUG] [2020-07-1622:41:10][org.mybatis.generator.internal.db.DatabaseIntrospector]Retrieving column information for table "dept"
[DEBUG] [2020-07-1622:41:10][org.mybatis.generator.internal.db.DatabaseIntrospector]Found column "depid", data type 4, in table "ssm2..dept"
[DEBUG] [2020-07-1622:41:10][org.mybatis.generator.internal.db.DatabaseIntrospector]Found column "dname", data type 12, in table "ssm2..dept"
[DEBUG] [2020-07-1710:52:02][org.mybatis.generator.internal.db.DatabaseIntrospector]Retrieving column information for table "person"
[DEBUG] [2020-07-1710:52:03][org.mybatis.generator.internal.db.DatabaseIntrospector]Found column "pid", data type 4, in table "ssm2..person"
[DEBUG] [2020-07-1710:52:03][org.mybatis.generator.internal.db.DatabaseIntrospector]Found column "pname", data type 12, in table "ssm2..person"
[DEBUG] [2020-07-1710:52:03][org.mybatis.generator.internal.db.DatabaseIntrospector]Found column "gender", data type 12, in table "ssm2..person"
[DEBUG] [2020-07-1710:52:03][org.mybatis.generator.internal.db.DatabaseIntrospector]Found column "birthday", data type 91, in table "ssm2..person"
[DEBUG] [2020-07-1710:52:03][org.mybatis.generator.internal.db.DatabaseIntrospector]Found column "depid", data type 4, in table "ssm2..person"
[DEBUG] [2020-07-1710:52:03][org.mybatis.generator.internal.db.DatabaseIntrospector]Retrieving column information for table "dept"
[DEBUG] [2020-07-1710:52:03][org.mybatis.generator.internal.db.DatabaseIntrospector]Found column "depid", data type 4, in table "ssm2..dept"
[DEBUG] [2020-07-1710:52:03][org.mybatis.generator.internal.db.DatabaseIntrospector]Found column "dname", data type 12, in table "ssm2..dept"
[DEBUG] [2020-07-1711:12:08][org.mybatis.generator.internal.db.DatabaseIntrospector]Retrieving column information for table "student"
[DEBUG] [2020-07-1711:12:08][org.mybatis.generator.internal.db.DatabaseIntrospector]Found column "sid", data type 4, in table "ssm..student"
[DEBUG] [2020-07-1711:12:08][org.mybatis.generator.internal.db.DatabaseIntrospector]Found column "sname", data type 12, in table "ssm..student"
[DEBUG] [2020-07-1711:12:08][org.mybatis.generator.internal.db.DatabaseIntrospector]Found column "sex", data type 12, in table "ssm..student"
[DEBUG] [2020-07-1711:12:08][org.mybatis.generator.internal.db.DatabaseIntrospector]Found column "birthday", data type 91, in table "ssm..student"
[DEBUG] [2020-07-1711:12:08][org.mybatis.generator.internal.db.DatabaseIntrospector]Found column "cid", data type 4, in table "ssm..student"
[DEBUG] [2020-07-1711:12:08][org.mybatis.generator.internal.db.DatabaseIntrospector]Retrieving column information for table "clazz"
[DEBUG] [2020-07-1711:12:08][org.mybatis.generator.internal.db.DatabaseIntrospector]Found column "cid", data type 4, in table "ssm..clazz"
[DEBUG] [2020-07-1711:12:08][org.mybatis.generator.internal.db.DatabaseIntrospector]Found column "cname", data type 12, in table "ssm..clazz"
